<?xml version="1.0" encoding="UTF-8"?>
<testsuite xmlns:xsi="http://www.w3.org/2001/XMLSchema-instance" xsi:noNamespaceSchemaLocation="https://maven.apache.org/surefire/maven-surefire-plugin/xsd/surefire-test-report-3.0.xsd" version="3.0" name="com.wargame.MailServiceTest" time="1.7" tests="11" errors="0" skipped="0" failures="0">
  <properties>
[...]
</properties>
  <testcase name="seedForNewPlayer_createsThreeSystemMails" classname="com.wargame.MailServiceTest" time="0.055">
    <system-out><![CDATA[2026-09-12T00:41:44.768+08:00  INFO 77781 --- [           main] t.c.s.AnnotationConfigContextLoaderUtils : Could not detect default configuration classes for test class [com.wargame.MailServiceTest]: MailServiceTest does not declare any static, non-private, non-final, nested classes annotated with @Configuration.
2026-09-12T00:41:44.776+08:00  INFO 77781 --- [           main] .b.t.c.SpringBootTestContextBootstrapper : Found @SpringBootConfiguration com.wargame.WargameApplication for test class com.wargame.MailServiceTest

  .   ____          _            __ _ _
 /\\ / ___'_ __ _ _(_)_ __  __ _ \ \ \ \
( ( )\___ | '_ | '_| | '_ \/ _` | \ \ \ \
 \\/  ___)| |_)| | | | | || (_| |  ) ) ) )
  '  |____| .__|_| |_|_| |_\__, | / / / /
 =========|_|==============|___/=/_/_/_/
 :: Spring Boot ::                (v3.2.5)

2026-09-12T00:41:44.852+08:00  INFO 77781 --- [           main] com.wargame.MailServiceTest              : Starting MailServiceTest using Java 17.0.20 with PID 77781 (started by chenjuan in /Users/chenjuan/Documents/游戏/backend)
2026-09-12T00:41:44.853+08:00  INFO 77781 --- [           main] com.wargame.MailServiceTest              : The following 1 profile is active: "test"
2026-09-12T00:41:45.107+08:00  INFO 77781 --- [           main] .s.d.r.c.RepositoryConfigurationDelegate : Bootstrapping Spring Data JPA repositories in DEFAULT mode.
2026-09-12T00:41:45.156+08:00  INFO 77781 --- [           main] .s.d.r.c.RepositoryConfigurationDelegate : Finished Spring Data repository scanning in 47 ms. Found 28 JPA repository interfaces.
2026-09-12T00:41:45.255+08:00  INFO 77781 --- [           main] o.hibernate.jpa.internal.util.LogHelper  : HHH000204: Processing PersistenceUnitInfo [name: default]
2026-09-12T00:41:45.259+08:00  INFO 77781 --- [           main] o.h.c.internal.RegionFactoryInitiator    : HHH000026: Second-level cache disabled
2026-09-12T00:41:45.269+08:00  INFO 77781 --- [           main] o.s.o.j.p.SpringPersistenceUnitInfo      : No LoadTimeWeaver setup: ignoring JPA class transformer
2026-09-12T00:41:45.270+08:00  INFO 77781 --- [           main] com.zaxxer.hikari.HikariDataSource       : HikariPool-4 - Starting...
2026-09-12T00:41:45.277+08:00  INFO 77781 --- [           main] com.zaxxer.hikari.pool.HikariPool        : HikariPool-4 - Added connection conn30: url=jdbc:h2:mem:testdb user=SA
2026-09-12T00:41:45.277+08:00  INFO 77781 --- [           main] com.zaxxer.hikari.HikariDataSource       : HikariPool-4 - Start completed.
2026-09-12T00:41:45.279+08:00  WARN 77781 --- [           main] org.hibernate.orm.deprecation            : HHH90000025: H2Dialect does not need to be specified explicitly using 'hibernate.dialect' (remove the property setting and it will be selected by default)
2026-09-12T00:41:45.619+08:00  INFO 77781 --- [           main] o.h.e.t.j.p.i.JtaPlatformInitiator       : HHH000489: No JTA platform available (set 'hibernate.transaction.jta.platform' to enable JTA platform integration)
2026-09-12T00:41:45.671+08:00  INFO 77781 --- [           main] j.LocalContainerEntityManagerFactoryBean : Initialized JPA EntityManagerFactory for persistence unit 'default'
2026-09-12T00:41:46.009+08:00  WARN 77781 --- [           main] JpaBaseConfiguration$JpaWebConfiguration : spring.jpa.open-in-view is enabled by default. Therefore, database queries may be performed during view rendering. Explicitly configure spring.jpa.open-in-view to disable this warning
2026-09-12T00:41:46.090+08:00  INFO 77781 --- [           main] o.s.s.web.DefaultSecurityFilterChain     : Will secure any request with [org.springframework.security.web.session.DisableEncodeUrlFilter@249dd7e6, org.springframework.security.web.context.request.async.WebAsyncManagerIntegrationFilter@3a199b9a, org.springframework.security.web.context.SecurityContextHolderFilter@8a541c8, org.springframework.security.web.header.HeaderWriterFilter@7f8f2761, org.springframework.web.filter.CorsFilter@56f13088, org.springframework.security.web.authentication.logout.LogoutFilter@474b3a3d, com.wargame.config.JwtAuthenticationFilter@e4748af, org.springframework.security.web.savedrequest.RequestCacheAwareFilter@7d4d32a7, org.springframework.security.web.servletapi.SecurityContextHolderAwareRequestFilter@7b7fa640, org.springframework.security.web.authentication.AnonymousAuthenticationFilter@630780c0, org.springframework.security.web.session.SessionManagementFilter@1f502e65, org.springframework.security.web.access.ExceptionTranslationFilter@7fe14f94, org.springframework.security.web.access.intercept.AuthorizationFilter@55cc01ef]
2026-09-12T00:41:46.150+08:00  INFO 77781 --- [           main] com.wargame.MailServiceTest              : Started MailServiceTest in 1.364 seconds (process running for 14.8)
]]></system-out>
  </testcase>
  <testcase name="send_playerToPlayer_succeeds" classname="com.wargame.MailServiceTest" time="0.018"/>
  <testcase name="claim_depositsResourcesToRecipient" classname="com.wargame.MailServiceTest" time="0.041">
    <system-out><![CDATA[2026-09-12T00:41:46.290+08:00  INFO 77781 --- [           main] com.wargame.service.MailService          : Mail claim: player=5 mail=5 attach=[{type=gold, qty=300}]
]]></system-out>
  </testcase>
  <testcase name="send_insufficientResources_fails" classname="com.wargame.MailServiceTest" time="0.015"/>
  <testcase name="send_withAttach_deductsSenderResources" classname="com.wargame.MailServiceTest" time="0.017"/>
  <testcase name="send_recipientNotFound_fails" classname="com.wargame.MailServiceTest" time="0.01"/>
  <testcase name="send_toSelf_fails" classname="com.wargame.MailServiceTest" time="0.006"/>
  <testcase name="delete_onlyOwner" classname="com.wargame.MailServiceTest" time="0.04"/>
  <testcase name="markRead_reducesUnread" classname="com.wargame.MailServiceTest" time="0.01"/>
  <testcase name="seed_isIdempotent" classname="com.wargame.MailServiceTest" time="0.014"/>
  <testcase name="sendSystem_createSystemMail" classname="com.wargame.MailServiceTest" time="0.009"/>
</testsuite>