<?xml version="1.0" encoding="UTF-8"?>
<testsuite xmlns:xsi="http://www.w3.org/2001/XMLSchema-instance" xsi:noNamespaceSchemaLocation="https://maven.apache.org/surefire/maven-surefire-plugin/xsd/surefire-test-report-3.0.xsd" version="3.0" name="com.wargame.BuildServiceTest" time="1.786" tests="5" errors="0" skipped="0" failures="0">
  <properties>
[...]
</properties>
  <testcase name="testInsufficientResources" classname="com.wargame.BuildServiceTest" time="0.059">
    <system-out><![CDATA[2026-09-12T00:41:46.461+08:00  INFO 77781 --- [           main] t.c.s.AnnotationConfigContextLoaderUtils : Could not detect default configuration classes for test class [com.wargame.BuildServiceTest]: BuildServiceTest does not declare any static, non-private, non-final, nested classes annotated with @Configuration.
2026-09-12T00:41:46.464+08:00  INFO 77781 --- [           main] .b.t.c.SpringBootTestContextBootstrapper : Found @SpringBootConfiguration com.wargame.WargameApplication for test class com.wargame.BuildServiceTest

  .   ____          _            __ _ _
 /\\ / ___'_ __ _ _(_)_ __  __ _ \ \ \ \
( ( )\___ | '_ | '_| | '_ \/ _` | \ \ \ \
 \\/  ___)| |_)| | | | | || (_| |  ) ) ) )
  '  |____| .__|_| |_|_| |_\__, | / / / /
 =========|_|==============|___/=/_/_/_/
 :: Spring Boot ::                (v3.2.5)

2026-09-12T00:41:46.507+08:00  INFO 77781 --- [           main] com.wargame.BuildServiceTest             : Starting BuildServiceTest using Java 17.0.20 with PID 77781 (started by chenjuan in /Users/chenjuan/Documents/游戏/backend)
2026-09-12T00:41:46.507+08:00  INFO 77781 --- [           main] com.wargame.BuildServiceTest             : The following 1 profile is active: "test"
2026-09-12T00:41:46.661+08:00  INFO 77781 --- [           main] .s.d.r.c.RepositoryConfigurationDelegate : Bootstrapping Spring Data JPA repositories in DEFAULT mode.
2026-09-12T00:41:46.691+08:00  INFO 77781 --- [           main] .s.d.r.c.RepositoryConfigurationDelegate : Finished Spring Data repository scanning in 29 ms. Found 28 JPA repository interfaces.
2026-09-12T00:41:46.758+08:00  INFO 77781 --- [           main] o.hibernate.jpa.internal.util.LogHelper  : HHH000204: Processing PersistenceUnitInfo [name: default]
2026-09-12T00:41:46.763+08:00  INFO 77781 --- [           main] o.h.c.internal.RegionFactoryInitiator    : HHH000026: Second-level cache disabled
2026-09-12T00:41:46.769+08:00  INFO 77781 --- [           main] o.s.o.j.p.SpringPersistenceUnitInfo      : No LoadTimeWeaver setup: ignoring JPA class transformer
2026-09-12T00:41:46.770+08:00  INFO 77781 --- [           main] com.zaxxer.hikari.HikariDataSource       : HikariPool-5 - Starting...
2026-09-12T00:41:46.772+08:00  INFO 77781 --- [           main] com.zaxxer.hikari.pool.HikariPool        : HikariPool-5 - Added connection conn40: url=jdbc:h2:mem:testdb user=SA
2026-09-12T00:41:46.773+08:00  INFO 77781 --- [           main] com.zaxxer.hikari.HikariDataSource       : HikariPool-5 - Start completed.
2026-09-12T00:41:46.773+08:00  WARN 77781 --- [           main] org.hibernate.orm.deprecation            : HHH90000025: H2Dialect does not need to be specified explicitly using 'hibernate.dialect' (remove the property setting and it will be selected by default)
2026-09-12T00:41:47.050+08:00  INFO 77781 --- [           main] o.h.e.t.j.p.i.JtaPlatformInitiator       : HHH000489: No JTA platform available (set 'hibernate.transaction.jta.platform' to enable JTA platform integration)
2026-09-12T00:41:47.067+08:00  INFO 77781 --- [           main] j.LocalContainerEntityManagerFactoryBean : Initialized JPA EntityManagerFactory for persistence unit 'default'
2026-09-12T00:41:47.762+08:00  WARN 77781 --- [           main] JpaBaseConfiguration$JpaWebConfiguration : spring.jpa.open-in-view is enabled by default. Therefore, database queries may be performed during view rendering. Explicitly configure spring.jpa.open-in-view to disable this warning
2026-09-12T00:41:47.872+08:00  INFO 77781 --- [           main] o.s.s.web.DefaultSecurityFilterChain     : Will secure any request with [org.springframework.security.web.session.DisableEncodeUrlFilter@d8156ac, org.springframework.security.web.context.request.async.WebAsyncManagerIntegrationFilter@3d8c8ca2, org.springframework.security.web.context.SecurityContextHolderFilter@49bdd290, org.springframework.security.web.header.HeaderWriterFilter@6d709289, org.springframework.web.filter.CorsFilter@49d1f8f7, org.springframework.security.web.authentication.logout.LogoutFilter@690b36c8, com.wargame.config.JwtAuthenticationFilter@255f7224, org.springframework.security.web.savedrequest.RequestCacheAwareFilter@323946d9, org.springframework.security.web.servletapi.SecurityContextHolderAwareRequestFilter@5b346ecd, org.springframework.security.web.authentication.AnonymousAuthenticationFilter@17abf9bb, org.springframework.security.web.session.SessionManagementFilter@4c0b35f4, org.springframework.security.web.access.ExceptionTranslationFilter@36f120c, org.springframework.security.web.access.intercept.AuthorizationFilter@69c6fc5a]
2026-09-12T00:41:47.991+08:00  INFO 77781 --- [           main] com.wargame.BuildServiceTest             : Started BuildServiceTest in 1.522 seconds (process running for 16.64)
]]></system-out>
  </testcase>
  <testcase name="testCompleteConstruction" classname="com.wargame.BuildServiceTest" time="0.028"/>
  <testcase name="testCancelConstruction" classname="com.wargame.BuildServiceTest" time="0.047"/>
  <testcase name="testUpgradeBuilding" classname="com.wargame.BuildServiceTest" time="0.027"/>
  <testcase name="testMaxLevel" classname="com.wargame.BuildServiceTest" time="0.016"/>
</testsuite>